Save repository element : SAPRINDb_AHRI : Creation of initial version
Save database : Modification by user
Save repository element : SAPRINDb_Agincourt : Modification by user
Save database : Modification by user
Save repository element : SAPRINDb_DIMAMO : Modification by user
Save database : Modification by user
Save repository element : SAPRINDb_AHRI : Modification by user
Save database : Modification by user
Save repository element : SAPRINDb_AHRI : Modification by user
Save database : Modification by user
Save repository element : SAPRINDb_Agincourt : Modification by user
Save database : Modification by user
Save repository element : SAPRINDb_Agincourt : Modification by user
Save database : Modification by user
Save repository element : SAPRINDb_AHRI : Modification by user
Save database : Modification by user
Save repository element : SAPRINDb_AHRI : Modification by user
Save database : Modification by user
Save repository element : SAPRINDb_DIMAMO : Modification by user
Save database : Modification by user
Save repository element : SAPRINDb_DIMAMO : Modification by user
Save repository element : SaprinDb_AHRI : Creation of initial version
Save database : Modification by user
Save repository element : SaprinDb_DIMAMO : Modification by user
Save database : Modification by user
Save repository element : SaprinDb_Agincourt : Modification by user
Save database : Modification by user
Save repository element : SaprinDb_Agincourt : Modification by user
Save database : Modification by user
Save repository element : SaprinDb_Agincourt : Modification by user
Save database : Modification by user
Save repository element : SaprinDb_AHRI : Modification by user
Save database : Modification by user
Save repository element : SaprinDb_AHRI : Modification by user
Save database : Modification by user
Save repository element : SaprinDb_DIMAMO : Modification by user
Save database : Modification by user
Save repository element : SaprinDb_DIMAMO : Modification by user
